# JRE version: Java(TM) SE Runtime Environment (23.0.1+11) (build 23.0.1+11-39)
# Java VM: Java HotSpot(TM) 64-Bit Server VM (23.0.1+11-39, mixed mode, emulated-client, sharing, tiered, compressed oops, compressed class ptrs, g1 gc, windows-amd64)
GC Precious Log:
 CardTable entry size: 512
 Card Set container configuration: InlinePtr #cards 5 size 8 Array Of Cards #cards 10 size 36 Howl #buckets 4 coarsen threshold 1843 Howl Bitmap #cards 512 size 80 coarsen threshold 460 Card regions per heap region 1 cards per card region 2048
 CPUs: 8 total, 8 available
 Memory: 5996M
 Large Page Support: Disabled
 NUMA Support: Disabled
 Compressed Oops: Enabled (32-bit)
 Heap Region Size: 1M
 Heap Min Capacity: 8M
 Heap Initial Capacity: 94M
 Heap Max Capacity: 1500M
 Pre-touch: Disabled
 Parallel Workers: 8
 Concurrent Workers: 2
 Concurrent Refinement Workers: 8
 Periodic GC: Disabled
Heap:
 garbage-first heap   total reserved 1536000K, committed 107520K, used 73048K [0x00000000a2400000, 0x0000000100000000)
  region size 1024K, 37 young (37888K), 6 survivors (6144K)
 Metaspace       used 71410K, committed 72192K, reserved 1114112K
  class space    used 10150K, committed 10496K, reserved 1048576K
GC Heap History (20 events):
Event: 4.909 GC heap before
{Heap before GC invocations=15 (full 0):
 garbage-first heap   total reserved 1536000K, committed 70656K, used 59727K [0x00000000a2400000, 0x0000000100000000)
  region size 1024K, 41 young (41984K), 4 survivors (4096K)
 Metaspace       used 42146K, committed 42688K, reserved 1114112K
  class space    used 5796K, committed 6016K, reserved 1048576K
}
Event: 4.913 GC heap after
{Heap after GC invocations=16 (full 0):
 garbage-first heap   total reserved 1536000K, committed 70656K, used 22613K [0x00000000a2400000, 0x0000000100000000)
  region size 1024K, 3 young (3072K), 3 survivors (3072K)
 Metaspace       used 42146K, committed 42688K, reserved 1114112K
  class space    used 5796K, committed 6016K, reserved 1048576K
}
Event: 5.212 GC heap before
{Heap before GC invocations=16 (full 0):
 garbage-first heap   total reserved 1536000K, committed 70656K, used 61525K [0x00000000a2400000, 0x0000000100000000)
  region size 1024K, 41 young (41984K), 3 survivors (3072K)
 Metaspace       used 45558K, committed 46080K, reserved 1114112K
  class space    used 6333K, committed 6528K, reserved 1048576K
}
Event: 5.217 GC heap after
{Heap after GC invocations=17 (full 0):
 garbage-first heap   total reserved 1536000K, committed 70656K, used 23046K [0x00000000a2400000, 0x0000000100000000)
  region size 1024K, 4 young (4096K), 4 survivors (4096K)
 Metaspace       used 45558K, committed 46080K, reserved 1114112K
  class space    used 6333K, committed 6528K, reserved 1048576K
}
Event: 5.590 GC heap before
{Heap before GC invocations=17 (full 0):
 garbage-first heap   total reserved 1536000K, committed 70656K, used 60934K [0x00000000a2400000, 0x0000000100000000)
  region size 1024K, 41 young (41984K), 4 survivors (4096K)
 Metaspace       used 49075K, committed 49664K, reserved 1114112K
  class space    used 6777K, committed 7040K, reserved 1048576K
}
Event: 5.595 GC heap after
{Heap after GC invocations=18 (full 0):
 garbage-first heap   total reserved 1536000K, committed 84992K, used 23656K [0x00000000a2400000, 0x0000000100000000)
  region size 1024K, 4 young (4096K), 4 survivors (4096K)
 Metaspace       used 49075K, committed 49664K, reserved 1114112K
  class space    used 6777K, committed 7040K, reserved 1048576K
}
Event: 6.022 GC heap before
{Heap before GC invocations=18 (full 0):
 garbage-first heap   total reserved 1536000K, committed 84992K, used 68712K [0x00000000a2400000, 0x0000000100000000)
  region size 1024K, 49 young (50176K), 4 survivors (4096K)
 Metaspace       used 54077K, committed 54656K, reserved 1114112K
  class space    used 7643K, committed 7936K, reserved 1048576K
}
Event: 6.027 GC heap after
{Heap after GC invocations=19 (full 0):
 garbage-first heap   total reserved 1536000K, committed 84992K, used 24277K [0x00000000a2400000, 0x0000000100000000)
  region size 1024K, 4 young (4096K), 4 survivors (4096K)
 Metaspace       used 54077K, committed 54656K, reserved 1114112K
  class space    used 7643K, committed 7936K, reserved 1048576K
}
Event: 6.500 GC heap before
{Heap before GC invocations=19 (full 0):
 garbage-first heap   total reserved 1536000K, committed 84992K, used 69333K [0x00000000a2400000, 0x0000000100000000)
  region size 1024K, 49 young (50176K), 4 survivors (4096K)
 Metaspace       used 58539K, committed 59200K, reserved 1114112K
  class space    used 8312K, committed 8640K, reserved 1048576K
}
Event: 6.511 GC heap after
{Heap after GC invocations=20 (full 0):
 garbage-first heap   total reserved 1536000K, committed 84992K, used 25105K [0x00000000a2400000, 0x0000000100000000)
  region size 1024K, 5 young (5120K), 5 survivors (5120K)
 Metaspace       used 58539K, committed 59200K, reserved 1114112K
  class space    used 8312K, committed 8640K, reserved 1048576K
}
Event: 6.646 GC heap before
{Heap before GC invocations=20 (full 0):
 garbage-first heap   total reserved 1536000K, committed 84992K, used 39441K [0x00000000a2400000, 0x0000000100000000)
  region size 1024K, 20 young (20480K), 5 survivors (5120K)
 Metaspace       used 59835K, committed 60416K, reserved 1114112K
  class space    used 8428K, committed 8704K, reserved 1048576K
}
Event: 6.652 GC heap after
{Heap after GC invocations=21 (full 0):
 garbage-first heap   total reserved 1536000K, committed 84992K, used 26073K [0x00000000a2400000, 0x0000000100000000)
  region size 1024K, 5 young (5120K), 5 survivors (5120K)
 Metaspace       used 59835K, committed 60416K, reserved 1114112K
  class space    used 8428K, committed 8704K, reserved 1048576K
}
Event: 7.153 GC heap before
{Heap before GC invocations=22 (full 0):
 garbage-first heap   total reserved 1536000K, committed 84992K, used 71129K [0x00000000a2400000, 0x0000000100000000)
  region size 1024K, 49 young (50176K), 5 survivors (5120K)
 Metaspace       used 62882K, committed 63488K, reserved 1114112K
  class space    used 8939K, committed 9216K, reserved 1048576K
}
Event: 7.162 GC heap after
{Heap after GC invocations=23 (full 0):
 garbage-first heap   total reserved 1536000K, committed 84992K, used 28803K [0x00000000a2400000, 0x0000000100000000)
  region size 1024K, 7 young (7168K), 7 survivors (7168K)
 Metaspace       used 62882K, committed 63488K, reserved 1114112K
  class space    used 8939K, committed 9216K, reserved 1048576K
}
Event: 7.368 GC heap before
{Heap before GC invocations=23 (full 0):
 garbage-first heap   total reserved 1536000K, committed 84992K, used 71811K [0x00000000a2400000, 0x0000000100000000)
  region size 1024K, 49 young (50176K), 7 survivors (7168K)
 Metaspace       used 63456K, committed 64128K, reserved 1114112K
  class space    used 9012K, committed 9280K, reserved 1048576K
}
Event: 7.382 GC heap after
{Heap after GC invocations=24 (full 0):
 garbage-first heap   total reserved 1536000K, committed 107520K, used 36598K [0x00000000a2400000, 0x0000000100000000)
  region size 1024K, 7 young (7168K), 7 survivors (7168K)
 Metaspace       used 63456K, committed 64128K, reserved 1114112K
  class space    used 9012K, committed 9280K, reserved 1048576K
}
Event: 7.571 GC heap before
{Heap before GC invocations=24 (full 0):
 garbage-first heap   total reserved 1536000K, committed 107520K, used 89846K [0x00000000a2400000, 0x0000000100000000)
  region size 1024K, 59 young (60416K), 7 survivors (7168K)
 Metaspace       used 63827K, committed 64512K, reserved 1114112K
  class space    used 9075K, committed 9344K, reserved 1048576K
}
Event: 7.579 GC heap after
{Heap after GC invocations=25 (full 0):
 garbage-first heap   total reserved 1536000K, committed 107520K, used 40856K [0x00000000a2400000, 0x0000000100000000)
  region size 1024K, 8 young (8192K), 8 survivors (8192K)
 Metaspace       used 63827K, committed 64512K, reserved 1114112K
  class space    used 9075K, committed 9344K, reserved 1048576K
}
Event: 30.466 GC heap before
{Heap before GC invocations=25 (full 0):
 garbage-first heap   total reserved 1536000K, committed 107520K, used 88984K [0x00000000a2400000, 0x0000000100000000)
  region size 1024K, 56 young (57344K), 8 survivors (8192K)
 Metaspace       used 68242K, committed 68992K, reserved 1114112K
  class space    used 9704K, committed 10048K, reserved 1048576K
}
Event: 30.481 GC heap after
{Heap after GC invocations=26 (full 0):
 garbage-first heap   total reserved 1536000K, committed 107520K, used 43352K [0x00000000a2400000, 0x0000000100000000)
  region size 1024K, 6 young (6144K), 6 survivors (6144K)
 Metaspace       used 68242K, committed 68992K, reserved 1114112K
  class space    used 9704K, committed 10048K, reserved 1048576K
}

