# JRE version: Java(TM) SE Runtime Environment (23.0.1+11) (build 23.0.1+11-39)
# Java VM: Java HotSpot(TM) 64-Bit Server VM (23.0.1+11-39, mixed mode, emulated-client, sharing, tiered, compressed oops, compressed class ptrs, g1 gc, windows-amd64)
GC Precious Log:
 CardTable entry size: 512
 Card Set container configuration: InlinePtr #cards 5 size 8 Array Of Cards #cards 10 size 36 Howl #buckets 4 coarsen threshold 1843 Howl Bitmap #cards 512 size 80 coarsen threshold 460 Card regions per heap region 1 cards per card region 2048
 CPUs: 8 total, 8 available
 Memory: 5996M
 Large Page Support: Disabled
 NUMA Support: Disabled
 Compressed Oops: Enabled (32-bit)
 Heap Region Size: 1M
 Heap Min Capacity: 8M
 Heap Initial Capacity: 94M
 Heap Max Capacity: 1500M
 Pre-touch: Disabled
 Parallel Workers: 8
 Concurrent Workers: 2
 Concurrent Refinement Workers: 8
 Periodic GC: Disabled
Heap:
 garbage-first heap   total reserved 1536000K, committed 96256K, used 72256K [0x00000000a2400000, 0x0000000100000000)
  region size 1024K, 47 young (48128K), 0 survivors (0K)
 Metaspace       used 72669K, committed 73408K, reserved 1114112K
  class space    used 10304K, committed 10688K, reserved 1048576K
GC Heap History (20 events):
Event: 153.797 GC heap before
{Heap before GC invocations=31 (full 0):
 garbage-first heap   total reserved 1536000K, committed 124928K, used 63971K [0x00000000a2400000, 0x0000000100000000)
  region size 1024K, 11 young (11264K), 2 survivors (2048K)
 Metaspace       used 72143K, committed 72960K, reserved 1114112K
  class space    used 10276K, committed 10624K, reserved 1048576K
}
Event: 153.865 GC heap after
{Heap after GC invocations=32 (full 1):
 garbage-first heap   total reserved 1536000K, committed 96256K, used 26284K [0x00000000a2400000, 0x0000000100000000)
  region size 1024K, 0 young (0K), 0 survivors (0K)
 Metaspace       used 72143K, committed 72960K, reserved 1114112K
  class space    used 10276K, committed 10624K, reserved 1048576K
}
Event: 154.558 GC heap before
{Heap before GC invocations=32 (full 1):
 garbage-first heap   total reserved 1536000K, committed 96256K, used 70316K [0x00000000a2400000, 0x0000000100000000)
  region size 1024K, 44 young (45056K), 0 survivors (0K)
 Metaspace       used 72230K, committed 73088K, reserved 1114112K
  class space    used 10291K, committed 10688K, reserved 1048576K
}
Event: 154.562 GC heap after
{Heap after GC invocations=33 (full 1):
 garbage-first heap   total reserved 1536000K, committed 96256K, used 30348K [0x00000000a2400000, 0x0000000100000000)
  region size 1024K, 4 young (4096K), 4 survivors (4096K)
 Metaspace       used 72230K, committed 73088K, reserved 1114112K
  class space    used 10291K, committed 10688K, reserved 1048576K
}
Event: 157.692 GC heap before
{Heap before GC invocations=34 (full 1):
 garbage-first heap   total reserved 1536000K, committed 96256K, used 74380K [0x00000000a2400000, 0x0000000100000000)
  region size 1024K, 47 young (48128K), 4 survivors (4096K)
 Metaspace       used 72134K, committed 73152K, reserved 1114112K
  class space    used 10222K, committed 10688K, reserved 1048576K
}
Event: 157.706 GC heap after
{Heap after GC invocations=35 (full 1):
 garbage-first heap   total reserved 1536000K, committed 96256K, used 37323K [0x00000000a2400000, 0x0000000100000000)
  region size 1024K, 6 young (6144K), 6 survivors (6144K)
 Metaspace       used 72134K, committed 73152K, reserved 1114112K
  class space    used 10222K, committed 10688K, reserved 1048576K
}
Event: 157.813 GC heap before
{Heap before GC invocations=35 (full 1):
 garbage-first heap   total reserved 1536000K, committed 96256K, used 76235K [0x00000000a2400000, 0x0000000100000000)
  region size 1024K, 44 young (45056K), 6 survivors (6144K)
 Metaspace       used 72134K, committed 73152K, reserved 1114112K
  class space    used 10222K, committed 10688K, reserved 1048576K
}
Event: 157.826 GC heap after
{Heap after GC invocations=36 (full 1):
 garbage-first heap   total reserved 1536000K, committed 97280K, used 47244K [0x00000000a2400000, 0x0000000100000000)
  region size 1024K, 6 young (6144K), 6 survivors (6144K)
 Metaspace       used 72134K, committed 73152K, reserved 1114112K
  class space    used 10222K, committed 10688K, reserved 1048576K
}
Event: 181.946 GC heap before
{Heap before GC invocations=36 (full 1):
 garbage-first heap   total reserved 1536000K, committed 97280K, used 72844K [0x00000000a2400000, 0x0000000100000000)
  region size 1024K, 33 young (33792K), 6 survivors (6144K)
 Metaspace       used 72145K, committed 73152K, reserved 1114112K
  class space    used 10224K, committed 10688K, reserved 1048576K
}
Event: 182.062 GC heap after
{Heap after GC invocations=37 (full 2):
 garbage-first heap   total reserved 1536000K, committed 96256K, used 25008K [0x00000000a2400000, 0x0000000100000000)
  region size 1024K, 0 young (0K), 0 survivors (0K)
 Metaspace       used 72142K, committed 73152K, reserved 1114112K
  class space    used 10224K, committed 10688K, reserved 1048576K
}
Event: 182.730 GC heap before
{Heap before GC invocations=37 (full 2):
 garbage-first heap   total reserved 1536000K, committed 96256K, used 68016K [0x00000000a2400000, 0x0000000100000000)
  region size 1024K, 43 young (44032K), 0 survivors (0K)
 Metaspace       used 72223K, committed 73152K, reserved 1114112K
  class space    used 10236K, committed 10688K, reserved 1048576K
}
Event: 182.734 GC heap after
{Heap after GC invocations=38 (full 2):
 garbage-first heap   total reserved 1536000K, committed 96256K, used 29394K [0x00000000a2400000, 0x0000000100000000)
  region size 1024K, 5 young (5120K), 5 survivors (5120K)
 Metaspace       used 72223K, committed 73152K, reserved 1114112K
  class space    used 10236K, committed 10688K, reserved 1048576K
}
Event: 183.165 GC heap before
{Heap before GC invocations=39 (full 2):
 garbage-first heap   total reserved 1536000K, committed 96256K, used 72402K [0x00000000a2400000, 0x0000000100000000)
  region size 1024K, 47 young (48128K), 5 survivors (5120K)
 Metaspace       used 72422K, committed 73216K, reserved 1114112K
  class space    used 10252K, committed 10688K, reserved 1048576K
}
Event: 183.175 GC heap after
{Heap after GC invocations=40 (full 2):
 garbage-first heap   total reserved 1536000K, committed 96256K, used 35351K [0x00000000a2400000, 0x0000000100000000)
  region size 1024K, 6 young (6144K), 6 survivors (6144K)
 Metaspace       used 72422K, committed 73216K, reserved 1114112K
  class space    used 10252K, committed 10688K, reserved 1048576K
}
Event: 183.255 GC heap before
{Heap before GC invocations=40 (full 2):
 garbage-first heap   total reserved 1536000K, committed 96256K, used 73239K [0x00000000a2400000, 0x0000000100000000)
  region size 1024K, 43 young (44032K), 6 survivors (6144K)
 Metaspace       used 72422K, committed 73216K, reserved 1114112K
  class space    used 10252K, committed 10688K, reserved 1048576K
}
Event: 183.269 GC heap after
{Heap after GC invocations=41 (full 2):
 garbage-first heap   total reserved 1536000K, committed 96256K, used 44104K [0x00000000a2400000, 0x0000000100000000)
  region size 1024K, 6 young (6144K), 6 survivors (6144K)
 Metaspace       used 72422K, committed 73216K, reserved 1114112K
  class space    used 10252K, committed 10688K, reserved 1048576K
}
Event: 230.273 GC heap before
{Heap before GC invocations=41 (full 2):
 garbage-first heap   total reserved 1536000K, committed 96256K, used 74824K [0x00000000a2400000, 0x0000000100000000)
  region size 1024K, 37 young (37888K), 6 survivors (6144K)
 Metaspace       used 72491K, committed 73216K, reserved 1114112K
  class space    used 10270K, committed 10688K, reserved 1048576K
}
Event: 230.280 GC heap after
{Heap after GC invocations=42 (full 2):
 garbage-first heap   total reserved 1536000K, committed 96256K, used 41844K [0x00000000a2400000, 0x0000000100000000)
  region size 1024K, 2 young (2048K), 2 survivors (2048K)
 Metaspace       used 72491K, committed 73216K, reserved 1114112K
  class space    used 10270K, committed 10688K, reserved 1048576K
}
Event: 336.794 GC heap before
{Heap before GC invocations=43 (full 2):
 garbage-first heap   total reserved 1536000K, committed 96256K, used 47988K [0x00000000a2400000, 0x0000000100000000)
  region size 1024K, 9 young (9216K), 2 survivors (2048K)
 Metaspace       used 72560K, committed 73280K, reserved 1114112K
  class space    used 10285K, committed 10688K, reserved 1048576K
}
Event: 336.848 GC heap after
{Heap after GC invocations=44 (full 3):
 garbage-first heap   total reserved 1536000K, committed 96256K, used 26176K [0x00000000a2400000, 0x0000000100000000)
  region size 1024K, 0 young (0K), 0 survivors (0K)
 Metaspace       used 72560K, committed 73280K, reserved 1114112K
  class space    used 10285K, committed 10688K, reserved 1048576K
}

